Exporter version: 5.6.4, Blender version: 2.79 (sub 0)
========= Conversion from Blender to Babylon.js =========
	Scene settings used :
		export scope        :  ALL
		inline textures     :  false
		Positions Precision :  4
		Normals Precision   :  3
		UVs Precision       :  3
		Vert Color Precision:  3
		Mat Weight Precision:  2
		texture directory   :  /Users/gautham/Coding/Smart City/smart-city-web/images/cars/Babylon/
	Python World class constructor completed
	processing begun of mesh:  SportsCar_Cube.005
		processing begun of Standard material:  Orange
		processing begun of Standard material:  Grey
		processing begun of Standard material:  Headlights
		processing begun of Standard material:  DarkOrange
		processing begun of Standard material:  Windows
		processing begun of Standard material:  TailLights
		processing begun of Standard material:  Black
		processing begun of multimaterial:  sportsCar.Multimaterial#0
		num positions      :  2013
		num normals        :  2013
		num uvs            :  0
		num uvs2           :  0
		num colors         :  0
		num indices        :  9234
		WARNING: # of 0 area faces found:  12
	processing begun of camera (UniversalCamera):  Camera
	processing begun of light (POINT):  Lamp
========= Writing of scene file started =========
========= Writing of scene file completed =========
========= end of processing =========
elapsed time:  0 min, 0.1363 secs
