Exporter version: 5.6.4, Blender version: 2.79 (sub 0)
========= Conversion from Blender to Babylon.js =========
	Scene settings used :
		export scope        :  ALL
		inline textures     :  false
		Positions Precision :  4
		Normals Precision   :  3
		UVs Precision       :  3
		Vert Color Precision:  3
		Mat Weight Precision:  2
		texture directory   :  /Users/gautham/Coding/smart-city-web/images/
	Python World class constructor completed
	WARNING: No active camera has been assigned, or is not in a currently selected Blender layer
	processing begun of mesh:  Cube
		processing begun of Standard material:  Material
		processing begun of Standard material:  Material.003
		processing begun of Standard material:  Material.001
		processing begun of Standard material:  Material.002
		processing begun of multimaterial:  traffic_lights.Multimaterial#0
		num positions      :  808
		num normals        :  808
		num uvs            :  0
		num uvs2           :  0
		num colors         :  0
		num indices        :  4308
========= Writing of scene file started =========
========= Writing of scene file completed =========
========= end of processing =========
elapsed time:  0 min, 0.0636 secs
